warnings in tests

===>  Regression tests for p5-Tapper-Fake-4.1.1
PERL_DL_NONLAZY=1 /usr/bin/perl "-MExtUtils::Command::MM" "-e" "test_harness(0, 'blib/lib', 'blib/arch')" t/*.t
t/00-load.t ............... ok
Class::MOP::load_class is deprecated at /usr/local/libdata/perl5/site_perl/amd64-openbsd/Class/MOP.pm line 73.
        Class::MOP::load_class('Tapper::MCP::Scheduler::Algorithm::WFQ') called at /usr/local/libdata/perl5/site_perl/MooseX/Traits/Util.pm line 49
        MooseX::Traits::Util::resolve_traits('Tapper::MCP::Scheduler::Algorithm', 'Tapper::MCP::Scheduler::Algorithm::WFQ') called at /usr/local/libdata/p
erl5/site_perl/MooseX/Traits/Util.pm line 66
        MooseX::Traits::Util::new_class_with_traits('Tapper::MCP::Scheduler::Algorithm', 'Tapper::MCP::Scheduler::Algorithm::WFQ') called at /usr/local/libdata/perl5/site_perl/MooseX/Traits.pm line 24
        MooseX::Traits::with_traits('Tapper::MCP::Scheduler::Algorithm', 'Tapper::MCP::Scheduler::Algorithm::WFQ') called at /usr/local/libdata/perl5/sit$_perl/MooseX/Traits.pm line 46
        MooseX::Traits::new_with_traits('Tapper::MCP::Scheduler::Algorithm', 'traits', 'ARRAY(0x2c960cad6d0)') called at /usr/local/libdata/perl5/site_pe$l/Tapper/MCP/Scheduler/Controller.pm line 25
        Tapper::MCP::Scheduler::Controller::__ANON__('Tapper::MCP::Scheduler::Controller=HASH(0x2c95b6b6988)') called at /usr/local/libdata/perl5/site_pe$l/amd64-openbsd/Class/MOP/Mixin/AttributeCore.pm line 42
        Class::MOP::Mixin::AttributeCore::default('Moose::Meta::Attribute=HASH(0x2c95e5ae880)', 'Tapper::MCP::Scheduler::Controller=HASH(0x2c95b6b6988)') called at /usr/local/libdata/perl5/site_perl/amd64-openbsd/Moose/Meta/Attribute.pm line 503
        Moose::Meta::Attribute::initialize_instance_slot('Moose::Meta::Attribute=HASH(0x2c95e5ae880)', 'Moose::Meta::Instance=HASH(0x2c95572a280)', 'Tapp$r::MCP::Scheduler::Controller=HASH(0x2c95b6b6988)', 'HASH(0x2c9589a1190)') called at /usr/local/libdata/perl5/site_perl/amd64-openbsd/Class/MOP/Class.pm $ine 529
        Class::MOP::Class::_construct_instance('Moose::Meta::Class=HASH(0x2c95e0f8ca0)', 'HASH(0x2c9589a1190)') called at /usr/local/libdata/perl5/site_p$rl/amd64-openbsd/Class/MOP/Class.pm line 499
        Class::MOP::Class::new_object('Moose::Meta::Class=HASH(0x2c95e0f8ca0)', 'HASH(0x2c9589a1190)') called at /usr/local/libdata/perl5/site_perl/amd64$openbsd/Moose/Meta/Class.pm line 278
        Moose::Meta::Class::new_object('Moose::Meta::Class=HASH(0x2c95e0f8ca0)', 'HASH(0x2c9589a1190)') called at /usr/local/libdata/perl5/site_perl/amd6$-openbsd/Moose/Object.pm line 27
        Moose::Object::new('Tapper::MCP::Scheduler::Controller') called at /usr/ports/pobj/p5-Tapper-Fake-4.1.1/Tapper-Fake-4.1.1/blib/lib/Tapper/Fake/Ma$ter.pm line 39
        Tapper::Fake::Master::BUILD('Tapper::Fake::Master=HASH(0x2c95e0f9b20)', 'HASH(0x2c95c18d8e0)') called at /usr/local/libdata/perl5/site_perl/amd64$openbsd/Class/MOP/Method.pm line 128
        Class::MOP::Method::execute('Moose::Meta::Method=HASH(0x2c95c18dd00)', 'Tapper::Fake::Master=HASH(0x2c95e0f9b20)', 'HASH(0x2c95c18d8e0)') called $t /usr/local/libdata/perl5/site_perl/amd64-openbsd/Moose/Object.pm line 56
        Moose::Object::BUILDALL('Tapper::Fake::Master=HASH(0x2c95e0f9b20)', 'HASH(0x2c95c18d8e0)') called at /usr/local/libdata/perl5/site_perl/amd64-ope$bsd/Moose/Meta/Class.pm line 282
        Moose::Meta::Class::new_object('Moose::Meta::Class=HASH(0x2c95c18d490)', 'HASH(0x2c95c18d8e0)') called at /usr/local/libdata/perl5/site_perl/amd6$-openbsd/Moose/Object.pm line 27
        Moose::Object::new('Tapper::Fake::Master') called at (eval 1517) line 1
        eval 'Tapper::Fake::Master->new()
;' called at t/01-instance.t line 40
t/01-instance.t ........... ok
t/release-eol.t ........... skipped: these tests are for release candidate testing
t/release-no-tabs.t ....... skipped: these tests are for release candidate testing
t/release-pod-coverage.t .. skipped: these tests are for release candidate testing
t/release-pod-syntax.t .... skipped: these tests are for release candidate testing
All tests successful.
Files=6, Tests=6, 15 wallclock secs ( 0.13 usr  0.23 sys +  9.01 cusr  2.97 csys = 12.34 CPU)
Result: PASS
